This is pdfTeX, Version 3.141592653-2.6-1.40.22 (TeX Live 2022/dev/Debian) (preloaded format=pdflatex 2022.8.25)  25 OCT 2022 11:14
entering extended mode
 restricted \write18 enabled.
 %&-line parsing enabled.
**genitive.tex
(./genitive.tex
LaTeX2e <2021-11-15> patch level 1
L3 programming layer <2022-01-21>
(/usr/share/texlive/texmf-dist/tex/latex/base/article.cls
Document Class: article 2021/10/04 v1.4n Standard LaTeX document class
(/usr/share/texlive/texmf-dist/tex/latex/base/size11.clo
File: size11.clo 2021/10/04 v1.4n Standard LaTeX file (size option)
)
\c@part=\count185
\c@section=\count186
\c@subsection=\count187
\c@subsubsection=\count188
\c@paragraph=\count189
\c@subparagraph=\count190
\c@figure=\count191
\c@table=\count192
\abovecaptionskip=\skip47
\belowcaptionskip=\skip48
\bibindent=\dimen138
)
(/usr/share/texlive/texmf-dist/tex/latex/linguex/linguex.sty
Package: linguex 2013/05/28 Example formatting for linguistics v. 4.3

(/usr/share/texlive/texmf-dist/tex/latex/tools/xspace.sty
Package: xspace 2014/10/28 v1.13 Space after command names (DPC,MH)
)
(/usr/share/texlive/texmf-dist/tex/latex/gb4e/cgloss4e.sty
\lineone=\box50
\linetwo=\box51
\linethree=\box52
\wordone=\box53
\wordtwo=\box54
\wordthree=\box55
\gline=\box56
\glossglue=\skip49
)
\c@ExNo=\count193
\c@SubExNo=\count194
\c@SubSubExNo=\count195
\c@FnExNo=\count196
\c@ABC=\count197
\currentlabel=\skip50
\lessthanten=\skip51
\lessthanhundred=\skip52
\lessthanthousand=\skip53
\@Exleftmargin=\skip54
\Exlabelwidth=\skip55
\Extopsep=\skip56
\Exindent=\skip57
\SubExleftmargin=\skip58
\SubSubExleftmargin=\skip59
\Exlabelsep=\skip60
\alignSubExnegindent=\skip61
\Exredux=\skip62
\digitwidth=\skip63
\mindigitwidth=\skip64
\c@ExDepth=\count198
\c@TempExDepth=\count199
\CollectTokens=\toks16
LaTeX Info: Redefining \b on input line 307.
LaTeX Info: Redefining \c on input line 311.
LaTeX Info: Redefining \d on input line 313.
\c@tmpaEx=\count266
)
(/usr/share/texmf/tex/latex/tipa/tipa.sty
Package: tipa 2002/08/08 TIPA version 1.1

(/usr/share/texlive/texmf-dist/tex/latex/base/fontenc.sty
Package: fontenc 2021/04/29 v2.0v Standard LaTeX package

(/usr/share/texmf/tex/latex/tipa/t3enc.def
File: t3enc.def 2001/12/31 T3 encoding
Now handling font encoding T3 ...
... no UTF-8 mapping file for font encoding T3
)))
(/usr/share/texlive/texmf-dist/tex/latex/apacite/apacite.sty
Package: apacite 2013/07/21 v6.03 APA citation
\c@BibCnt=\count267
\bibleftmargin=\skip65
\bibindent=\skip66
\bibparsep=\skip67
\bibitemsep=\skip68
\biblabelsep=\skip69
)
(/usr/share/texlive/texmf-dist/tex/latex/pslatex/pslatex.sty
Package: pslatex 2021/01/13 v1.3 pslatex emulation (DPC)
LaTeX Font Info:    Redeclaring symbol font `operators' on input line 66.
LaTeX Font Info:    Overwriting symbol font `operators' in version `normal'
(Font)                  OT1/cmr/m/n --> OT1/ptmcm/m/n on input line 66.
LaTeX Font Info:    Overwriting symbol font `operators' in version `bold'
(Font)                  OT1/cmr/bx/n --> OT1/ptmcm/m/n on input line 66.
LaTeX Font Info:    Redeclaring symbol font `letters' on input line 67.
LaTeX Font Info:    Overwriting symbol font `letters' in version `normal'
(Font)                  OML/cmm/m/it --> OML/ptmcm/m/it on input line 67.
LaTeX Font Info:    Overwriting symbol font `letters' in version `bold'
(Font)                  OML/cmm/b/it --> OML/ptmcm/m/it on input line 67.
LaTeX Font Info:    Redeclaring symbol font `symbols' on input line 68.
LaTeX Font Info:    Overwriting symbol font `symbols' in version `normal'
(Font)                  OMS/cmsy/m/n --> OMS/pzccm/m/n on input line 68.
LaTeX Font Info:    Overwriting symbol font `symbols' in version `bold'
(Font)                  OMS/cmsy/b/n --> OMS/pzccm/m/n on input line 68.
LaTeX Font Info:    Redeclaring symbol font `largesymbols' on input line 69.
LaTeX Font Info:    Overwriting symbol font `largesymbols' in version `normal'
(Font)                  OMX/cmex/m/n --> OMX/psycm/m/n on input line 69.
LaTeX Font Info:    Overwriting symbol font `largesymbols' in version `bold'
(Font)                  OMX/cmex/m/n --> OMX/psycm/m/n on input line 69.
\symbold=\mathgroup4
\symitalic=\mathgroup5
LaTeX Font Info:    Redeclaring math alphabet \mathbf on input line 75.
LaTeX Font Info:    Overwriting math alphabet `\mathbf' in version `normal'
(Font)                  OT1/cmr/bx/n --> OT1/ptm/bx/n on input line 75.
LaTeX Font Info:    Overwriting math alphabet `\mathbf' in version `bold'
(Font)                  OT1/cmr/bx/n --> OT1/ptm/bx/n on input line 75.
LaTeX Font Info:    Redeclaring math alphabet \mathit on input line 76.
LaTeX Font Info:    Overwriting math alphabet `\mathit' in version `normal'
(Font)                  OT1/cmr/m/it --> OT1/ptm/m/it on input line 76.
LaTeX Font Info:    Overwriting math alphabet `\mathit' in version `bold'
(Font)                  OT1/cmr/bx/it --> OT1/ptm/m/it on input line 76.
)
(/usr/share/texlive/texmf-dist/tex/latex/titling/titling.sty
Package: titling 2009/09/04 v2.1d maketitle typesetting
\thanksmarkwidth=\skip70
\thanksmargin=\skip71
\droptitle=\skip72
)
(/usr/share/texlive/texmf-dist/tex/latex/l3backend/l3backend-pdftex.def
File: l3backend-pdftex.def 2022-01-12 L3 backend support: PDF output (pdfTeX)
\l__color_backend_stack_int=\count268
\l__pdf_internal_box=\box57
)
(./genitive.aux)
\openout1 = `genitive.aux'.

LaTeX Font Info:    Checking defaults for OML/cmm/m/it on input line 9.
LaTeX Font Info:    ... okay on input line 9.
LaTeX Font Info:    Checking defaults for OMS/pzccm/m/n on input line 9.
LaTeX Font Info:    Trying to load font information for OMS+pzccm on input line
 9.
 (/usr/share/texlive/texmf-dist/tex/latex/psnfss/omspzccm.fd
File: omspzccm.fd 2000/01/03 Fontinst v1.801 font definitions for OMS/pzccm.
)
LaTeX Font Info:    ... okay on input line 9.
LaTeX Font Info:    Checking defaults for OT1/cmr/m/n on input line 9.
LaTeX Font Info:    ... okay on input line 9.
LaTeX Font Info:    Checking defaults for T1/cmr/m/n on input line 9.
LaTeX Font Info:    ... okay on input line 9.
LaTeX Font Info:    Checking defaults for TS1/cmr/m/n on input line 9.
LaTeX Font Info:    ... okay on input line 9.
LaTeX Font Info:    Checking defaults for OMX/cmex/m/n on input line 9.
LaTeX Font Info:    ... okay on input line 9.
LaTeX Font Info:    Checking defaults for U/cmr/m/n on input line 9.
LaTeX Font Info:    ... okay on input line 9.
LaTeX Font Info:    Checking defaults for T3/cmr/m/n on input line 9.
LaTeX Font Info:    Trying to load font information for T3+cmr on input line 9.


(/usr/share/texmf/tex/latex/tipa/t3cmr.fd
File: t3cmr.fd 2001/12/31 TIPA font definitions
)
LaTeX Font Info:    ... okay on input line 9.
\c@maskedRefs=\count269

(/usr/share/texlive/texmf-dist/tex/latex/apacite/english.apc
File: english.apc 2013/07/21 v6.03 apacite language file
LaTeX Info: Redefining \BPBI on input line 129.
LaTeX Info: Redefining \BHBI on input line 130.
)
LaTeX Font Info:    Trying to load font information for OT1+ptmcm on input line
 17.

(/usr/share/texlive/texmf-dist/tex/latex/psnfss/ot1ptmcm.fd
File: ot1ptmcm.fd 2000/01/03 Fontinst v1.801 font definitions for OT1/ptmcm.
)
LaTeX Font Info:    Trying to load font information for OML+ptmcm on input line
 17.

(/usr/share/texlive/texmf-dist/tex/latex/psnfss/omlptmcm.fd
File: omlptmcm.fd 2000/01/03 Fontinst v1.801 font definitions for OML/ptmcm.
)
LaTeX Font Info:    Trying to load font information for OMX+psycm on input line
 17.

(/usr/share/texlive/texmf-dist/tex/latex/psnfss/omxpsycm.fd
File: omxpsycm.fd 2000/01/03 Fontinst v1.801 font definitions for OMX/psycm.
)
LaTeX Font Info:    Font shape `OT1/ptm/bx/n' in size <12> not available
(Font)              Font shape `OT1/ptm/b/n' tried instead on input line 17.
LaTeX Font Info:    Font shape `OT1/ptm/bx/n' in size <9> not available
(Font)              Font shape `OT1/ptm/b/n' tried instead on input line 17.
LaTeX Font Info:    Font shape `OT1/ptm/bx/n' in size <7> not available
(Font)              Font shape `OT1/ptm/b/n' tried instead on input line 17.
 [1

{/var/lib/texmf/fonts/map/pdftex/updmap/pdftex.map}]

LaTeX Warning: Citation `ELTcon' undefined on input line 32.


Underfull \hbox (badness 10000) in paragraph at lines 38--39

 []


Underfull \hbox (badness 10000) in paragraph at lines 45--45

 []


Underfull \hbox (badness 10000) in paragraph at lines 51--51

 []


Underfull \hbox (badness 10000) in paragraph at lines 57--57

 []

[2]
Underfull \hbox (badness 10000) in paragraph at lines 61--62

 []


Underfull \hbox (badness 10000) in paragraph at lines 68--68

 []


Underfull \hbox (badness 10000) in paragraph at lines 74--74

 []


Underfull \hbox (badness 10000) in paragraph at lines 83--83

 []


Underfull \hbox (badness 10000) in paragraph at lines 89--89

 []


Underfull \hbox (badness 10000) in paragraph at lines 95--95

 []

[3]
Underfull \hbox (badness 10000) in paragraph at lines 104--104

 []


Underfull \hbox (badness 10000) in paragraph at lines 110--110

 []

LaTeX Font Info:    Trying to load font information for T3+ptm on input line 11
6.
(/usr/share/texmf/tex/latex/tipa/t3ptm.fd
File: t3ptm.fd 2001/12/31 TIPA font definitions
)
Underfull \hbox (badness 10000) in paragraph at lines 116--116

 []


LaTeX Font Warning: Font shape `T3/ptm/m/it' in size <10.95> not available
(Font)              Font shape `T3/ptm/m/sl' tried instead on input line 117.


Underfull \hbox (badness 10000) in paragraph at lines 126--126

 []


Underfull \hbox (badness 10000) in paragraph at lines 132--132

 []

[4]
Underfull \hbox (badness 10000) in paragraph at lines 138--138

 []


Underfull \hbox (badness 10000) in paragraph at lines 148--148

 []


Underfull \hbox (badness 10000) in paragraph at lines 154--154

 []


Underfull \hbox (badness 10000) in paragraph at lines 160--160

 []


Underfull \hbox (badness 10000) in paragraph at lines 166--166

 []

[5]
Underfull \hbox (badness 10000) in paragraph at lines 169--170

 []


Underfull \hbox (badness 10000) in paragraph at lines 171--172

 []


Underfull \hbox (badness 10000) in paragraph at lines 173--174

 []


Underfull \hbox (badness 10000) in paragraph at lines 175--176

 []


Underfull \hbox (badness 10000) in paragraph at lines 177--178

 []


Underfull \hbox (badness 10000) in paragraph at lines 179--180

 []


Underfull \hbox (badness 10000) in paragraph at lines 188--188

 []


Underfull \hbox (badness 10000) in paragraph at lines 194--194

 []

[6]
Underfull \hbox (badness 10000) in paragraph at lines 197--204

 []


Underfull \hbox (badness 10000) in paragraph at lines 197--204

 []


Underfull \hbox (badness 10000) in paragraph at lines 204--204

 []


Underfull \hbox (badness 10000) in paragraph at lines 210--210

 []


Underfull \hbox (badness 10000) in paragraph at lines 216--216

 []


Underfull \hbox (badness 10000) in paragraph at lines 222--222

 []


Underfull \hbox (badness 10000) in paragraph at lines 228--228

 []


Underfull \hbox (badness 10000) in paragraph at lines 234--234

 []

[7] [8] [9]
Underfull \hbox (badness 10000) in paragraph at lines 387--387

 []


Underfull \hbox (badness 10000) in paragraph at lines 393--393

 []

[10]
Underfull \hbox (badness 10000) in paragraph at lines 401--401

 []


Underfull \hbox (badness 10000) in paragraph at lines 407--407

 []


Underfull \hbox (badness 10000) in paragraph at lines 417--417

 []


Underfull \hbox (badness 10000) in paragraph at lines 425--425

 []


Underfull \hbox (badness 10000) in paragraph at lines 431--431

 []


Underfull \hbox (badness 10000) in paragraph at lines 437--437

 []

[11]
Underfull \hbox (badness 10000) in paragraph at lines 443--443

 []


Underfull \hbox (badness 10000) in paragraph at lines 467--467

 []


Underfull \hbox (badness 10000) in paragraph at lines 473--473

 []


Underfull \hbox (badness 10000) in paragraph at lines 479--479

 []

[12]
Underfull \hbox (badness 10000) in paragraph at lines 485--485

 []

[13]
Underfull \hbox (badness 10000) in paragraph at lines 540--540

 []


Underfull \hbox (badness 10000) in paragraph at lines 546--546

 []


Underfull \hbox (badness 10000) in paragraph at lines 551--552

 []


Underfull \hbox (badness 10000) in paragraph at lines 560--560

 []


Underfull \hbox (badness 10000) in paragraph at lines 566--566

 []

[14]
Underfull \hbox (badness 10000) in paragraph at lines 574--574

 []


Underfull \hbox (badness 10000) in paragraph at lines 580--580

 []


Underfull \hbox (badness 10000) in paragraph at lines 588--588

 []


Underfull \hbox (badness 10000) in paragraph at lines 594--594

 []


Underfull \hbox (badness 10000) in paragraph at lines 600--600

 []


Underfull \hbox (badness 10000) in paragraph at lines 606--606

 []

[15]
Underfull \hbox (badness 10000) in paragraph at lines 616--616

 []


Underfull \hbox (badness 10000) in paragraph at lines 622--622

 []


Underfull \hbox (badness 10000) in paragraph at lines 628--628

 []


Underfull \hbox (badness 10000) in paragraph at lines 634--634

 []


Underfull \hbox (badness 10000) in paragraph at lines 642--642

 []


Underfull \hbox (badness 10000) in paragraph at lines 648--648

 []


Underfull \hbox (badness 10000) in paragraph at lines 656--656

 []

[16]
Underfull \hbox (badness 10000) in paragraph at lines 662--662

 []


Underfull \hbox (badness 10000) in paragraph at lines 668--668

 []


Underfull \hbox (badness 10000) in paragraph at lines 674--674

 []


Underfull \hbox (badness 10000) in paragraph at lines 684--684

 []


Underfull \hbox (badness 10000) in paragraph at lines 690--690

 []


Underfull \hbox (badness 10000) in paragraph at lines 696--696

 []

[17]
Underfull \hbox (badness 10000) in paragraph at lines 708--708

 []


Overfull \hbox (0.2238pt too wide) in paragraph at lines 711--712
[]\OT1/ptm/m/n/10.95 Moreover, the pos-ses-sor in IPG can be mod-i-fied by an a
d-jec-tive, def-i-nite marker
 []


Underfull \hbox (badness 10000) in paragraph at lines 718--718

 []


Underfull \hbox (badness 10000) in paragraph at lines 724--724

 []


Underfull \hbox (badness 10000) in paragraph at lines 730--730

 []


Underfull \hbox (badness 10000) in paragraph at lines 736--736

 []


Underfull \hbox (badness 10000) in paragraph at lines 746--746

 []

[18]
Underfull \hbox (badness 10000) in paragraph at lines 752--752

 []


Underfull \hbox (badness 10000) in paragraph at lines 758--758

 []


Underfull \hbox (badness 10000) in paragraph at lines 765--765

 []

[19]
Underfull \hbox (badness 10000) in paragraph at lines 790--790

 []


Underfull \hbox (badness 10000) in paragraph at lines 796--796

 []


Underfull \hbox (badness 10000) in paragraph at lines 802--802

 []


Underfull \hbox (badness 10000) in paragraph at lines 808--808

 []


Underfull \hbox (badness 10000) in paragraph at lines 816--816

 []


Underfull \hbox (badness 10000) in paragraph at lines 823--823

 []

[20]
Underfull \hbox (badness 10000) in paragraph at lines 833--833

 []


Underfull \hbox (badness 10000) in paragraph at lines 839--839

 []


Underfull \hbox (badness 10000) in paragraph at lines 845--845

 []

[21]
Underfull \hbox (badness 10000) in paragraph at lines 862--862

 []


Underfull \hbox (badness 10000) in paragraph at lines 868--868

 []


Underfull \hbox (badness 10000) in paragraph at lines 874--874

 []


Underfull \hbox (badness 10000) in paragraph at lines 884--884

 []


Underfull \hbox (badness 10000) in paragraph at lines 890--890

 []


Underfull \hbox (badness 10000) in paragraph at lines 896--896

 []

[22]
Underfull \hbox (badness 10000) in paragraph at lines 907--907

 []


Underfull \hbox (badness 10000) in paragraph at lines 913--913

 []


Underfull \hbox (badness 10000) in paragraph at lines 919--919

 []


Underfull \hbox (badness 10000) in paragraph at lines 925--925

 []


Overfull \hbox (10.4672pt too wide) in paragraph at lines 926--927
\OT1/ptm/m/n/10.95 test whether or not de-scrip-tive gen-i-tive is a com-pound 
or syn-tac-tic phrase []Rosenbach,
 []


Underfull \hbox (badness 10000) in paragraph at lines 933--933

 []


Underfull \hbox (badness 10000) in paragraph at lines 939--939

 []


Underfull \hbox (badness 10000) in paragraph at lines 945--945

 []

[23]
Underfull \hbox (badness 10000) in paragraph at lines 951--951

 []

[24]
Underfull \hbox (badness 10000) in paragraph at lines 977--977

 []


Underfull \hbox (badness 10000) in paragraph at lines 983--983

 []


Underfull \hbox (badness 10000) in paragraph at lines 989--989

 []


Underfull \hbox (badness 10000) in paragraph at lines 999--999

 []


Underfull \hbox (badness 10000) in paragraph at lines 1005--1005

 []


Underfull \hbox (badness 10000) in paragraph at lines 1011--1011

 []

[25]
Underfull \hbox (badness 10000) in paragraph at lines 1021--1021

 []


Underfull \hbox (badness 10000) in paragraph at lines 1030--1030

 []


Underfull \hbox (badness 10000) in paragraph at lines 1036--1036

 []


Underfull \hbox (badness 10000) in paragraph at lines 1042--1042

 []


Underfull \hbox (badness 10000) in paragraph at lines 1048--1048

 []

[26]
Underfull \hbox (badness 10000) in paragraph at lines 1062--1062

 []


Underfull \hbox (badness 10000) in paragraph at lines 1068--1068

 []


Underfull \hbox (badness 10000) in paragraph at lines 1075--1075

 []


Underfull \hbox (badness 10000) in paragraph at lines 1086--1086

 []

[27]
Underfull \hbox (badness 10000) in paragraph at lines 1094--1094

 []


Underfull \hbox (badness 10000) in paragraph at lines 1104--1104

 []


Underfull \hbox (badness 10000) in paragraph at lines 1110--1110

 []


Underfull \hbox (badness 10000) in paragraph at lines 1116--1116

 []


Underfull \hbox (badness 10000) in paragraph at lines 1125--1125

 []


Underfull \hbox (badness 10000) in paragraph at lines 1131--1131

 []

[28]
Underfull \hbox (badness 10000) in paragraph at lines 1138--1138

 []


Underfull \hbox (badness 10000) in paragraph at lines 1144--1144

 []


Underfull \hbox (badness 10000) in paragraph at lines 1160--1160

 []


Underfull \hbox (badness 10000) in paragraph at lines 1166--1166

 []

[29]
Underfull \hbox (badness 10000) in paragraph at lines 1204--1204

 []


Underfull \hbox (badness 10000) in paragraph at lines 1210--1210

 []

[30]
Underfull \hbox (badness 10000) in paragraph at lines 1220--1220

 []


Underfull \hbox (badness 10000) in paragraph at lines 1226--1226

 []


Underfull \hbox (badness 10000) in paragraph at lines 1232--1232

 []


Underfull \hbox (badness 10000) in paragraph at lines 1238--1238

 []


Underfull \hbox (badness 10000) in paragraph at lines 1248--1248

 []

[31]
Underfull \hbox (badness 10000) in paragraph at lines 1254--1254

 []


Overfull \hbox (13.0949pt too wide) in paragraph at lines 1273--1282
\OT1/ptm/m/n/10.95 tional Re-gional State' Mana Mur-tii Wali-igalaa Oromiyaa 'S
upreme Court of Oromiya' 
 []

[32]
Overfull \hbox (8.64325pt too wide) in paragraph at lines 1322--1325
[]\OT1/ptm/m/n/10.95 3rd per-son sin-gu-lar mas-cu-line (all di-alects isaa (kt
aabasaa) isaa (kun ki-taabasaati) 
 []

[33] (./genitive.bbl) [34]
Underfull \hbox (badness 10000) in paragraph at lines 1347--1357

 []

[35] (./genitive.aux)

LaTeX Warning: There were undefined references.

 ) 
Here is how much of TeX's memory you used:
 2634 strings out of 478287
 36950 string characters out of 5849289
 332744 words of memory out of 5000000
 20830 multiletter control sequences out of 15000+600000
 494377 words of font info for 71 fonts, out of 8000000 for 9000
 1141 hyphenation exceptions out of 8191
 55i,6n,67p,976b,352s stack positions out of 5000i,500n,10000p,200000b,80000s
{/usr/share/texlive/texmf-dist/fonts/enc/dvips/base/8r.enc}</usr/share/texliv
e/texmf-dist/fonts/type1/urw/times/utmb8a.pfb></usr/share/texlive/texmf-dist/fo
nts/type1/urw/times/utmr8a.pfb></usr/share/texlive/texmf-dist/fonts/type1/urw/t
imes/utmri8a.pfb></usr/share/texmf/fonts/type1/fkr/tipa/xipa10.pfb></usr/share/
texmf/fonts/type1/fkr/tipa/xipasl10.pfb>
Output written on genitive.pdf (35 pages, 104339 bytes).
PDF statistics:
 142 PDF objects out of 1000 (max. 8388607)
 94 compressed objects within 1 object stream
 0 named destinations out of 1000 (max. 500000)
 1 words of extra memory for PDF output out of 10000 (max. 10000000)

